2022-11-30 17:30:25.214  INFO 11532 --- [restartedMain] com.gxts.MovieScheduleApplication        : Starting MovieScheduleApplication using Java 11.0.15 on GBLNB-PG033XDR with PID 11532 (C:\Users\sushaik\Downloads\MovieTheatre\MovieSchedule\target\classes started by sushaik in C:\Users\sushaik\Downloads\MovieTheatre\MovieSchedule)
2022-11-30 17:30:25.215  INFO 11532 --- [restartedMain] com.gxts.MovieScheduleApplication        : No active profile set, falling back to 1 default profile: "default"
2022-11-30 17:30:25.352  INFO 11532 --- [restartedMain] .s.d.r.c.RepositoryConfigurationDelegate : Bootstrapping Spring Data JPA repositories in DEFAULT mode.
2022-11-30 17:30:25.378  INFO 11532 --- [restartedMain] .s.d.r.c.RepositoryConfigurationDelegate : Finished Spring Data repository scanning in 22 ms. Found 3 JPA repository interfaces.
2022-11-30 17:30:25.457  INFO 11532 --- [restartedMain] o.s.b.w.embedded.tomcat.TomcatWebServer  : Tomcat initialized with port(s): 8083 (http)
2022-11-30 17:30:25.458  INFO 11532 --- [restartedMain] o.apache.catalina.core.StandardService   : Starting service [Tomcat]
2022-11-30 17:30:25.458  INFO 11532 --- [restartedMain] org.apache.catalina.core.StandardEngine  : Starting Servlet engine: [Apache Tomcat/9.0.68]
2022-11-30 17:30:25.478  INFO 11532 --- [restartedMain] o.a.c.c.C.[Tomcat].[localhost].[/]       : Initializing Spring embedded WebApplicationContext
2022-11-30 17:30:25.478  INFO 11532 --- [restartedMain] w.s.c.ServletWebServerApplicationContext : Root WebApplicationContext: initialization completed in 260 ms
2022-11-30 17:30:25.503  INFO 11532 --- [restartedMain] o.hibernate.jpa.internal.util.LogHelper  : HHH000204: Processing PersistenceUnitInfo [name: default]
2022-11-30 17:30:25.507  INFO 11532 --- [restartedMain] com.zaxxer.hikari.HikariDataSource       : HikariPool-5 - Starting...
2022-11-30 17:30:25.511  INFO 11532 --- [restartedMain] com.zaxxer.hikari.HikariDataSource       : HikariPool-5 - Start completed.
2022-11-30 17:30:25.511  INFO 11532 --- [restartedMain] org.hibernate.dialect.Dialect            : HHH000400: Using dialect: org.hibernate.dialect.MySQL8Dialect
2022-11-30 17:30:25.546  INFO 11532 --- [restartedMain] o.h.e.t.j.p.i.JtaPlatformInitiator       : HHH000490: Using JtaPlatform implementation: [org.hibernate.engine.transaction.jta.platform.internal.NoJtaPlatform]
2022-11-30 17:30:25.546  INFO 11532 --- [restartedMain] j.LocalContainerEntityManagerFactoryBean : Initialized JPA EntityManagerFactory for persistence unit 'default'
2022-11-30 17:30:25.653  WARN 11532 --- [restartedMain] JpaBaseConfiguration$JpaWebConfiguration : spring.jpa.open-in-view is enabled by default. Therefore, database queries may be performed during view rendering. Explicitly configure spring.jpa.open-in-view to disable this warning
2022-11-30 17:30:25.731  INFO 11532 --- [restartedMain] o.s.b.d.a.OptionalLiveReloadServer       : LiveReload server is running on port 35729
2022-11-30 17:30:25.739  INFO 11532 --- [restartedMain] o.s.b.w.embedded.tomcat.TomcatWebServer  : Tomcat started on port(s): 8083 (http) with context path ''
2022-11-30 17:30:25.744  INFO 11532 --- [restartedMain] com.gxts.MovieScheduleApplication        : Started MovieScheduleApplication in 0.566 seconds (JVM running for 3889.822)
2022-11-30 17:30:25.746  INFO 11532 --- [restartedMain] .ConditionEvaluationDeltaLoggingListener : Condition evaluation unchanged
2022-11-30 17:30:25.748  INFO 11532 --- [restartedMain] com.gxts.MovieScheduleApplication        : GalxeTheatre Started
2022-11-30 17:31:31.008  INFO 11532 --- [File Watcher] rtingClassPathChangeChangedEventListener : Restarting due to 1 class path change (0 additions, 0 deletions, 1 modification)
2022-11-30 17:31:31.283  INFO 11532 --- [Thread-19] o.apache.catalina.core.StandardService   : Stopping service [Tomcat]
2022-11-30 17:31:31.290  INFO 11532 --- [Thread-19] j.LocalContainerEntityManagerFactoryBean : Closing JPA EntityManagerFactory for persistence unit 'default'
2022-11-30 17:31:31.291  INFO 11532 --- [Thread-19] com.zaxxer.hikari.HikariDataSource       : HikariPool-5 - Shutdown initiated...
2022-11-30 17:31:31.303  INFO 11532 --- [Thread-19] com.zaxxer.hikari.HikariDataSource       : HikariPool-5 - Shutdown completed.
